Using pre-set license
Built from '2020.3/staging' branch; Version is '2020.3.15f1 (5e502cb56e17) revision 6180908'; Using compiler version '192528614'; Build Type 'Release'
OS: 'Windows 10 Pro; OS build 19044.2846; Version 2009; 64bit' Language: 'pt' Physical Memory: 8144 MB
BatchMode: 1, IsHumanControllingUs: 0, StartBugReporterOnCrash: 0, Is64bit: 1, IsPro: 0

 COMMAND LINE ARGUMENTS:
C:\Program Files\Unity\Hub\Editor\2020.3.15f1\Editor\Unity.exe
-adb2
-batchMode
-noUpm
-name
AssetImportWorker0
-projectPath
D:/Unity/ebac-hypercasual
-logFile
Logs/AssetImportWorker0.log
-srvPort
50118
Successfully changed project path to: D:/Unity/ebac-hypercasual
D:/Unity/ebac-hypercasual
Using Asset Import Pipeline V2.
Refreshing native plugins compatible for Editor in 62.21 ms, found 2 plugins.
Preloading 0 native plugins for Editor in 0.00 ms.
Initialize engine version: 2020.3.15f1 (5e502cb56e17)
[Subsystems] Discovering subsystems at path C:/Program Files/Unity/Hub/Editor/2020.3.15f1/Editor/Data/Resources/UnitySubsystems
[Subsystems] Discovering subsystems at path D:/Unity/ebac-hypercasual/Assets
GfxDevice: creating device client; threaded=0
Direct3D:
    Version:  Direct3D 11.0 [level 11.1]
    Renderer: NVIDIA GeForce GTX 1050 (ID=0x1c81)
    Vendor:   
    VRAM:     1977 MB
    Driver:   31.0.15.1694
Initialize mono
Mono path[0] = 'C:/Program Files/Unity/Hub/Editor/2020.3.15f1/Editor/Data/Managed'
Mono path[1] = 'C:/Program Files/Unity/Hub/Editor/2020.3.15f1/Editor/Data/MonoBleedingEdge/lib/mono/unityjit'
Mono config path = 'C:/Program Files/Unity/Hub/Editor/2020.3.15f1/Editor/Data/MonoBleedingEdge/etc'
Using monoOptions --debugger-agent=transport=dt_socket,embedding=1,server=y,suspend=n,address=127.0.0.1:56140
Begin MonoManager ReloadAssembly
Registering precompiled unity dll's ...
Register platform support module: C:/Program Files/Unity/Hub/Editor/2020.3.15f1/Editor/Data/PlaybackEngines/WindowsStandaloneSupport/UnityEditor.WindowsStandalone.Extensions.dll
Registered in 0.009139 seconds.
Native extension for WindowsStandalone target not found
Refreshing native plugins compatible for Editor in 59.69 ms, found 2 plugins.
Preloading 0 native plugins for Editor in 0.00 ms.
Mono: successfully reloaded assembly
- Completed reload, in 17.362 seconds
Domain Reload Profiling:
	ReloadAssembly (17363ms)
		BeginReloadAssembly (250ms)
			ExecutionOrderSort (0ms)
			DisableScriptedObjects (0ms)
			BackupInstance (0ms)
			ReleaseScriptingObjects (0ms)
			CreateAndSetChildDomain (1ms)
		EndReloadAssembly (2241ms)
			LoadAssemblies (241ms)
			RebuildTransferFunctionScriptingTraits (0ms)
			SetupTypeCache (1333ms)
			ReleaseScriptCaches (0ms)
			RebuildScriptCaches (47ms)
			SetupLoadedEditorAssemblies (516ms)
				LogAssemblyErrors (0ms)
				InitializePlatformSupportModulesInManaged (6ms)
				SetLoadedEditorAssemblies (0ms)
				RefreshPlugins (60ms)
				BeforeProcessingInitializeOnLoad (24ms)
				ProcessInitializeOnLoadAttributes (337ms)
				ProcessInitializeOnLoadMethodAttributes (88ms)
				AfterProcessingInitializeOnLoad (0ms)
				EditorAssembliesLoaded (1ms)
			ExecutionOrderSort2 (0ms)
			AwakeInstancesAfterBackupRestoration (0ms)
Platform modules already initialized, skipping
Registering precompiled user dll's ...
Registered in 0.014989 seconds.
Begin MonoManager ReloadAssembly
Native extension for WindowsStandalone target not found
Refreshing native plugins compatible for Editor in 0.44 ms, found 2 plugins.
Preloading 0 native plugins for Editor in 0.00 ms.
Mono: successfully reloaded assembly
- Completed reload, in  3.907 seconds
Domain Reload Profiling:
	ReloadAssembly (3909ms)
		BeginReloadAssembly (389ms)
			ExecutionOrderSort (0ms)
			DisableScriptedObjects (14ms)
			BackupInstance (0ms)
			ReleaseScriptingObjects (0ms)
			CreateAndSetChildDomain (36ms)
		EndReloadAssembly (3372ms)
			LoadAssemblies (716ms)
			RebuildTransferFunctionScriptingTraits (0ms)
			SetupTypeCache (1254ms)
			ReleaseScriptCaches (0ms)
			RebuildScriptCaches (139ms)
			SetupLoadedEditorAssemblies (1060ms)
				LogAssemblyErrors (0ms)
				InitializePlatformSupportModulesInManaged (7ms)
				SetLoadedEditorAssemblies (1ms)
				RefreshPlugins (1ms)
				BeforeProcessingInitializeOnLoad (167ms)
				ProcessInitializeOnLoadAttributes (864ms)
				ProcessInitializeOnLoadMethodAttributes (6ms)
				AfterProcessingInitializeOnLoad (14ms)
				EditorAssembliesLoaded (0ms)
			ExecutionOrderSort2 (0ms)
			AwakeInstancesAfterBackupRestoration (10ms)
Platform modules already initialized, skipping
========================================================================
Worker process is ready to serve import requests
Launched and connected shader compiler UnityShaderCompiler.exe after 0.22 seconds
Refreshing native plugins compatible for Editor in 0.76 ms, found 2 plugins.
Preloading 0 native plugins for Editor in 0.00 ms.
Unloading 1593 Unused Serialized files (Serialized files now loaded: 0)
System memory in use before: 74.5 MB.
System memory in use after: 74.5 MB.

Unloading 23 unused Assets to reduce memory usage. Loaded Objects now: 2031.
Total: 2.613800 ms (FindLiveObjects: 0.191700 ms CreateObjectMapping: 0.072900 ms MarkObjects: 2.246200 ms  DeleteObjects: 0.101800 ms)

AssetImportParameters requested are different than current active one (requested -> active):
  custom:framework-win-MediaFoundation: 216162199b28c13a410421893ffa2e32 -> 
  custom:video-decoder-ogg-theora: a1e56fd34408186e4bbccfd4996cb3dc -> 
  custom:container-muxer-webm: aa71ff27fc2769a1b78a27578f13a17b -> 
  custom:container-demuxer-webm: 4f35f7cbe854078d1ac9338744f61a02 -> 
  custom:container-demuxer-ogg: 62fdf1f143b41e24485cea50d1cbac27 -> 
  custom:video-encoder-webm-vp8: eb34c28f22e8b96e1ab97ce403110664 -> 
  custom:video-codec-MediaFoundation-h265: 746d11721c4dcdbdad8f713fa42b33f4 -> 
  custom:video-decoder-webm-vp8: 9c59270c3fd7afecdb556c50c9e8de78 -> 
  custom:audio-decoder-ogg-vorbis: bf7c407c2cedff20999df2af8eb42d56 -> 
  custom:audio-encoder-webm-vorbis: bf7c407c2cedff20999df2af8eb42d56 -> 
========================================================================
Received Import Request.
  path: Assets/Scripts/ArtPiece/ArtManager.cs
  artifactKey: Guid(f5a3b3ead7ad87546b4e5f64d5a19066) Importer(815301076,1909f56bfc062723c751e8b465ee728b)
Start importing Assets/Scripts/ArtPiece/ArtManager.cs using Guid(f5a3b3ead7ad87546b4e5f64d5a19066) Importer(815301076,1909f56bfc062723c751e8b465ee728b)  -> (artifact id: 'fd9b5980683f66ce2a7cea8c99fa776e') in 0.229008 seconds 
  Import took 0.288392 seconds .

========================================================================
Received Import Request.
  Time since last request: 73.396341 seconds.
  path: Assets/Scripts/ArtPiece/ArtManager.cs
  artifactKey: Guid(f5a3b3ead7ad87546b4e5f64d5a19066) Importer(815301076,1909f56bfc062723c751e8b465ee728b)
Start importing Assets/Scripts/ArtPiece/ArtManager.cs using Guid(f5a3b3ead7ad87546b4e5f64d5a19066) Importer(815301076,1909f56bfc062723c751e8b465ee728b)  -> (artifact id: 'a95d95b289352031e050200c1feb1723') in 0.008698 seconds 
  Import took 0.020677 seconds .

========================================================================
Received Import Request.
  Time since last request: 0.167860 seconds.
  path: Assets/Scripts/ArtPiece/ArtManager.cs
  artifactKey: Guid(f5a3b3ead7ad87546b4e5f64d5a19066) Importer(815301076,1909f56bfc062723c751e8b465ee728b)
Start importing Assets/Scripts/ArtPiece/ArtManager.cs using Guid(f5a3b3ead7ad87546b4e5f64d5a19066) Importer(815301076,1909f56bfc062723c751e8b465ee728b)  -> (artifact id: 'a95d95b289352031e050200c1feb1723') in 0.040905 seconds 
  Import took 0.055256 seconds .

========================================================================
Received Prepare
Registering precompiled user dll's ...
Registered in 0.004896 seconds.
Begin MonoManager ReloadAssembly
Native extension for WindowsStandalone target not found
Refreshing native plugins compatible for Editor in 0.49 ms, found 2 plugins.
Preloading 0 native plugins for Editor in 0.00 ms.
Mono: successfully reloaded assembly
- Completed reload, in  2.104 seconds
Domain Reload Profiling:
	ReloadAssembly (2106ms)
		BeginReloadAssembly (317ms)
			ExecutionOrderSort (0ms)
			DisableScriptedObjects (15ms)
			BackupInstance (0ms)
			ReleaseScriptingObjects (0ms)
			CreateAndSetChildDomain (93ms)
		EndReloadAssembly (1508ms)
			LoadAssemblies (267ms)
			RebuildTransferFunctionScriptingTraits (1ms)
			SetupTypeCache (476ms)
			ReleaseScriptCaches (1ms)
			RebuildScriptCaches (51ms)
			SetupLoadedEditorAssemblies (647ms)
				LogAssemblyErrors (0ms)
				InitializePlatformSupportModulesInManaged (8ms)
				SetLoadedEditorAssemblies (1ms)
				RefreshPlugins (1ms)
				BeforeProcessingInitializeOnLoad (124ms)
				ProcessInitializeOnLoadAttributes (492ms)
				ProcessInitializeOnLoadMethodAttributes (6ms)
				AfterProcessingInitializeOnLoad (15ms)
				EditorAssembliesLoaded (0ms)
			ExecutionOrderSort2 (0ms)
			AwakeInstancesAfterBackupRestoration (10ms)
Platform modules already initialized, skipping
Switching build target platform(19) subTarget(0) extendedPlatform(0) -> platform(13) subTarget(537395200) extendedPlatform(0)
Refreshing native plugins compatible for Editor in 0.44 ms, found 2 plugins.
Preloading 0 native plugins for Editor in 0.00 ms.
Unloading 1576 Unused Serialized files (Serialized files now loaded: 0)
System memory in use before: 72.8 MB.
System memory in use after: 72.9 MB.

Unloading 18 unused Assets to reduce memory usage. Loaded Objects now: 2034.
Total: 2.650400 ms (FindLiveObjects: 0.167300 ms CreateObjectMapping: 0.059900 ms MarkObjects: 2.328000 ms  DeleteObjects: 0.093600 ms)

AssetImportParameters requested are different than current active one (requested -> active):
  custom:framework-win-MediaFoundation: 216162199b28c13a410421893ffa2e32 -> 
  custom:video-decoder-ogg-theora: a1e56fd34408186e4bbccfd4996cb3dc -> 
  custom:container-muxer-webm: aa71ff27fc2769a1b78a27578f13a17b -> 
  custom:container-demuxer-webm: 4f35f7cbe854078d1ac9338744f61a02 -> 
  custom:container-demuxer-ogg: 62fdf1f143b41e24485cea50d1cbac27 -> 
  custom:video-encoder-webm-vp8: eb34c28f22e8b96e1ab97ce403110664 -> 
  custom:video-codec-MediaFoundation-h265: 746d11721c4dcdbdad8f713fa42b33f4 -> 
  custom:video-decoder-webm-vp8: 9c59270c3fd7afecdb556c50c9e8de78 -> 
  custom:graphics/normal-map-encoding: 01000000000000000000000000000000 -> 02000000000000000000000000000000
  custom:audio-decoder-ogg-vorbis: bf7c407c2cedff20999df2af8eb42d56 -> 
  custom:audio-encoder-webm-vorbis: bf7c407c2cedff20999df2af8eb42d56 -> 
========================================================================
Received Import Request.
  Time since last request: 228.713467 seconds.
  path: Assets/Prefabs/Levels/Pieces/Piece_01_End.prefab
  artifactKey: Guid(29eecc0c4ff8e17448e15015a8913806) Importer(815301076,1909f56bfc062723c751e8b465ee728b)
Start importing Assets/Prefabs/Levels/Pieces/Piece_01_End.prefab using Guid(29eecc0c4ff8e17448e15015a8913806) Importer(815301076,1909f56bfc062723c751e8b465ee728b)  -> (artifact id: 'd394206f8442c9da937039981aff3b00') in 0.193365 seconds 
  Import took 0.218525 seconds .

========================================================================
Received Import Request.
  Time since last request: 36.619411 seconds.
  path: Assets/Prefabs/Levels/Pieces/Piece_02.prefab
  artifactKey: Guid(aac4a07a1a90c8649ac51cd7909c7f7d) Importer(815301076,1909f56bfc062723c751e8b465ee728b)
Start importing Assets/Prefabs/Levels/Pieces/Piece_02.prefab using Guid(aac4a07a1a90c8649ac51cd7909c7f7d) Importer(815301076,1909f56bfc062723c751e8b465ee728b)  -> (artifact id: '62ec50dd7dce566134dd12e3dc9bebf2') in 0.526358 seconds 
  Import took 0.555984 seconds .

========================================================================
Received Import Request.
  Time since last request: 58.187902 seconds.
  path: Assets/Art/Materials/Levels
  artifactKey: Guid(31b514a667eee4e4e96412547e28eeeb) Importer(815301076,1909f56bfc062723c751e8b465ee728b)
Start importing Assets/Art/Materials/Levels using Guid(31b514a667eee4e4e96412547e28eeeb) Importer(815301076,1909f56bfc062723c751e8b465ee728b)  -> (artifact id: 'ee37d3e36e1b85738f3591994818ab17') in 0.011295 seconds 
  Import took 0.028111 seconds .

========================================================================
Received Import Request.
  Time since last request: 66.654269 seconds.
  path: Assets/Scripts/Color
  artifactKey: Guid(1d7b73d72570ce048a696c32fb6ed623) Importer(815301076,1909f56bfc062723c751e8b465ee728b)
Start importing Assets/Scripts/Color using Guid(1d7b73d72570ce048a696c32fb6ed623) Importer(815301076,1909f56bfc062723c751e8b465ee728b)  -> (artifact id: '9ef44463a5d24d020b9da05bfad84bfb') in 0.018133 seconds 
  Import took 0.030432 seconds .

========================================================================
Received Import Request.
  Time since last request: 13.681802 seconds.
  path: Assets/Scripts/Color/ColorManager.cs
  artifactKey: Guid(899053bf1704cf2478a3728eafab48f9) Importer(815301076,1909f56bfc062723c751e8b465ee728b)
Start importing Assets/Scripts/Color/ColorManager.cs using Guid(899053bf1704cf2478a3728eafab48f9) Importer(815301076,1909f56bfc062723c751e8b465ee728b)  -> (artifact id: '03fbf5a85899658b1add12af3ce83bee') in 0.040653 seconds 
  Import took 0.082138 seconds .

========================================================================
Received Prepare
Registering precompiled user dll's ...
Registered in 0.446622 seconds.
Begin MonoManager ReloadAssembly
Native extension for WindowsStandalone target not found
Refreshing native plugins compatible for Editor in 0.64 ms, found 2 plugins.
Preloading 0 native plugins for Editor in 0.00 ms.
Mono: successfully reloaded assembly
- Completed reload, in  1.591 seconds
Domain Reload Profiling:
	ReloadAssembly (1592ms)
		BeginReloadAssembly (128ms)
			ExecutionOrderSort (0ms)
			DisableScriptedObjects (4ms)
			BackupInstance (0ms)
			ReleaseScriptingObjects (0ms)
			CreateAndSetChildDomain (36ms)
		EndReloadAssembly (1387ms)
			LoadAssemblies (102ms)
			RebuildTransferFunctionScriptingTraits (0ms)
			SetupTypeCache (376ms)
			ReleaseScriptCaches (1ms)
			RebuildScriptCaches (48ms)
			SetupLoadedEditorAssemblies (687ms)
				LogAssemblyErrors (0ms)
				InitializePlatformSupportModulesInManaged (9ms)
				SetLoadedEditorAssemblies (1ms)
				RefreshPlugins (1ms)
				BeforeProcessingInitializeOnLoad (106ms)
				ProcessInitializeOnLoadAttributes (557ms)
				ProcessInitializeOnLoadMethodAttributes (4ms)
				AfterProcessingInitializeOnLoad (9ms)
				EditorAssembliesLoaded (0ms)
			ExecutionOrderSort2 (0ms)
			AwakeInstancesAfterBackupRestoration (7ms)
Platform modules already initialized, skipping
Switching build target platform(19) subTarget(0) extendedPlatform(0) -> platform(13) subTarget(537395200) extendedPlatform(0)
Refreshing native plugins compatible for Editor in 0.34 ms, found 2 plugins.
Preloading 0 native plugins for Editor in 0.00 ms.
Unloading 1577 Unused Serialized files (Serialized files now loaded: 0)
System memory in use before: 76.0 MB.
System memory in use after: 76.1 MB.

Unloading 19 unused Assets to reduce memory usage. Loaded Objects now: 2048.
Total: 2.786600 ms (FindLiveObjects: 0.165500 ms CreateObjectMapping: 0.045700 ms MarkObjects: 2.513600 ms  DeleteObjects: 0.060100 ms)

AssetImportParameters requested are different than current active one (requested -> active):
  custom:framework-win-MediaFoundation: 216162199b28c13a410421893ffa2e32 -> 
  custom:video-decoder-ogg-theora: a1e56fd34408186e4bbccfd4996cb3dc -> 
  custom:container-muxer-webm: aa71ff27fc2769a1b78a27578f13a17b -> 
  custom:container-demuxer-webm: 4f35f7cbe854078d1ac9338744f61a02 -> 
  custom:container-demuxer-ogg: 62fdf1f143b41e24485cea50d1cbac27 -> 
  custom:video-encoder-webm-vp8: eb34c28f22e8b96e1ab97ce403110664 -> 
  custom:video-codec-MediaFoundation-h265: 746d11721c4dcdbdad8f713fa42b33f4 -> 
  custom:video-decoder-webm-vp8: 9c59270c3fd7afecdb556c50c9e8de78 -> 
  custom:graphics/normal-map-encoding: 01000000000000000000000000000000 -> 02000000000000000000000000000000
  custom:audio-decoder-ogg-vorbis: bf7c407c2cedff20999df2af8eb42d56 -> 
  custom:audio-encoder-webm-vorbis: bf7c407c2cedff20999df2af8eb42d56 -> 
========================================================================
Received Import Request.
  Time since last request: 348.955660 seconds.
  path: Assets/Scripts/Color/ColorManager.cs
  artifactKey: Guid(899053bf1704cf2478a3728eafab48f9) Importer(815301076,1909f56bfc062723c751e8b465ee728b)
Start importing Assets/Scripts/Color/ColorManager.cs using Guid(899053bf1704cf2478a3728eafab48f9) Importer(815301076,1909f56bfc062723c751e8b465ee728b)  -> (artifact id: '903cf71db2b7736c76fefb906e701047') in 0.005081 seconds 
  Import took 0.007896 seconds .

========================================================================
Received Prepare
Registering precompiled user dll's ...
Registered in 0.011501 seconds.
Begin MonoManager ReloadAssembly
Native extension for WindowsStandalone target not found
Refreshing native plugins compatible for Editor in 0.41 ms, found 2 plugins.
Preloading 0 native plugins for Editor in 0.00 ms.
Mono: successfully reloaded assembly
- Completed reload, in  2.091 seconds
Domain Reload Profiling:
	ReloadAssembly (2092ms)
		BeginReloadAssembly (292ms)
			ExecutionOrderSort (0ms)
			DisableScriptedObjects (9ms)
			BackupInstance (0ms)
			ReleaseScriptingObjects (0ms)
			CreateAndSetChildDomain (46ms)
		EndReloadAssembly (1611ms)
			LoadAssemblies (376ms)
			RebuildTransferFunctionScriptingTraits (0ms)
			SetupTypeCache (475ms)
			ReleaseScriptCaches (1ms)
			RebuildScriptCaches (74ms)
			SetupLoadedEditorAssemblies (607ms)
				LogAssemblyErrors (0ms)
				InitializePlatformSupportModulesInManaged (6ms)
				SetLoadedEditorAssemblies (1ms)
				RefreshPlugins (1ms)
				BeforeProcessingInitializeOnLoad (124ms)
				ProcessInitializeOnLoadAttributes (460ms)
				ProcessInitializeOnLoadMethodAttributes (6ms)
				AfterProcessingInitializeOnLoad (10ms)
				EditorAssembliesLoaded (0ms)
			ExecutionOrderSort2 (0ms)
			AwakeInstancesAfterBackupRestoration (13ms)
Platform modules already initialized, skipping
Switching build target platform(19) subTarget(0) extendedPlatform(0) -> platform(13) subTarget(537395200) extendedPlatform(0)
Refreshing native plugins compatible for Editor in 0.52 ms, found 2 plugins.
Preloading 0 native plugins for Editor in 0.00 ms.
Unloading 1577 Unused Serialized files (Serialized files now loaded: 0)
System memory in use before: 76.1 MB.
System memory in use after: 76.1 MB.

Unloading 18 unused Assets to reduce memory usage. Loaded Objects now: 2051.
Total: 2.694000 ms (FindLiveObjects: 0.159300 ms CreateObjectMapping: 0.051800 ms MarkObjects: 2.415900 ms  DeleteObjects: 0.065600 ms)

AssetImportParameters requested are different than current active one (requested -> active):
  custom:framework-win-MediaFoundation: 216162199b28c13a410421893ffa2e32 -> 
  custom:video-decoder-ogg-theora: a1e56fd34408186e4bbccfd4996cb3dc -> 
  custom:container-muxer-webm: aa71ff27fc2769a1b78a27578f13a17b -> 
  custom:container-demuxer-webm: 4f35f7cbe854078d1ac9338744f61a02 -> 
  custom:container-demuxer-ogg: 62fdf1f143b41e24485cea50d1cbac27 -> 
  custom:video-encoder-webm-vp8: eb34c28f22e8b96e1ab97ce403110664 -> 
  custom:video-codec-MediaFoundation-h265: 746d11721c4dcdbdad8f713fa42b33f4 -> 
  custom:video-decoder-webm-vp8: 9c59270c3fd7afecdb556c50c9e8de78 -> 
  custom:graphics/normal-map-encoding: 01000000000000000000000000000000 -> 02000000000000000000000000000000
  custom:audio-decoder-ogg-vorbis: bf7c407c2cedff20999df2af8eb42d56 -> 
  custom:audio-encoder-webm-vorbis: bf7c407c2cedff20999df2af8eb42d56 -> 
========================================================================
Received Import Request.
  Time since last request: 504.196496 seconds.
  path: Assets/TextMesh Pro/Fonts/LiberationSans.ttf
  artifactKey: Guid(e3265ab4bf004d28a9537516768c1c75) Importer(815301076,1909f56bfc062723c751e8b465ee728b)
Start importing Assets/TextMesh Pro/Fonts/LiberationSans.ttf using Guid(e3265ab4bf004d28a9537516768c1c75) Importer(815301076,1909f56bfc062723c751e8b465ee728b)  -> (artifact id: '246556da8ee308a88cd64dac11bb5e10') in 0.229968 seconds 
  Import took 0.233905 seconds .

========================================================================
Received Import Request.
  Time since last request: 0.000326 seconds.
  path: Assets/Art/Materials/MAT_EndLine.mat
  artifactKey: Guid(8319a4b4b14f919438ebe03231ef6946) Importer(815301076,1909f56bfc062723c751e8b465ee728b)
Start importing Assets/Art/Materials/MAT_EndLine.mat using Guid(8319a4b4b14f919438ebe03231ef6946) Importer(815301076,1909f56bfc062723c751e8b465ee728b)  -> (artifact id: 'de9f8ef2b631dd84dfbace67ccbef1bb') in 0.065906 seconds 
  Import took 0.069731 seconds .

========================================================================
Received Import Request.
  Time since last request: 0.000309 seconds.
  path: Assets/TextMesh Pro/Resources/Fonts & Materials/LiberationSans SDF - Outline.mat
  artifactKey: Guid(79459efec17a4d00a321bdcc27bbc385) Importer(815301076,1909f56bfc062723c751e8b465ee728b)
Start importing Assets/TextMesh Pro/Resources/Fonts & Materials/LiberationSans SDF - Outline.mat using Guid(79459efec17a4d00a321bdcc27bbc385) Importer(815301076,1909f56bfc062723c751e8b465ee728b)  -> (artifact id: '289988fcecf3b00d1602f8d2b589f7dd') in 0.364629 seconds 
  Import took 0.368277 seconds .

========================================================================
Received Import Request.
  Time since last request: 0.000325 seconds.
  path: Assets/Art/Materials/MAT_PowerUp3.mat
  artifactKey: Guid(1c3e4f4337effa641b5e3f048a3c16c5) Importer(815301076,1909f56bfc062723c751e8b465ee728b)
Start importing Assets/Art/Materials/MAT_PowerUp3.mat using Guid(1c3e4f4337effa641b5e3f048a3c16c5) Importer(815301076,1909f56bfc062723c751e8b465ee728b)  -> (artifact id: '8ff48cd4694e42a2cfb1ed27997c7176') in 0.051875 seconds 
  Import took 0.056375 seconds .

========================================================================
Received Import Request.
  Time since last request: 0.000279 seconds.
  path: Assets/Art/Materials/MAT_PowerUp1.mat
  artifactKey: Guid(24e5cc25fe737f1428e38fc3da281ffe) Importer(815301076,1909f56bfc062723c751e8b465ee728b)
Start importing Assets/Art/Materials/MAT_PowerUp1.mat using Guid(24e5cc25fe737f1428e38fc3da281ffe) Importer(815301076,1909f56bfc062723c751e8b465ee728b)  -> (artifact id: 'd7df60a821891fe6ea16ff59eff95811') in 0.055253 seconds 
  Import took 0.058212 seconds .

========================================================================
Received Import Request.
  Time since last request: 0.000293 seconds.
  path: Assets/Art/Materials/MAT_PowerUp4.mat
  artifactKey: Guid(720b97939cf89ef4abbf7034f5bff782) Importer(815301076,1909f56bfc062723c751e8b465ee728b)
Start importing Assets/Art/Materials/MAT_PowerUp4.mat using Guid(720b97939cf89ef4abbf7034f5bff782) Importer(815301076,1909f56bfc062723c751e8b465ee728b)  -> (artifact id: '4a732e51aad242fc7fe5bd3cb44f6260') in 0.050222 seconds 
  Import took 0.053736 seconds .

========================================================================
Received Import Request.
  Time since last request: 0.000606 seconds.
  path: Assets/Art/Materials/MAT_Coin.mat
  artifactKey: Guid(e6b5821ce9d1913448cd116c91bd685d) Importer(815301076,1909f56bfc062723c751e8b465ee728b)
Start importing Assets/Art/Materials/MAT_Coin.mat using Guid(e6b5821ce9d1913448cd116c91bd685d) Importer(815301076,1909f56bfc062723c751e8b465ee728b)  -> (artifact id: '2ad1c6ef8cd70c90f45e12d57dbdd37b') in 0.052354 seconds 
  Import took 0.057805 seconds .

========================================================================
Received Import Request.
  Time since last request: 0.000280 seconds.
  path: Assets/Art/3D/Astronaut/Material/MAT_Astronaut_Visor.mat
  artifactKey: Guid(908e4772337c16f408109e0592f16ecc) Importer(815301076,1909f56bfc062723c751e8b465ee728b)
Start importing Assets/Art/3D/Astronaut/Material/MAT_Astronaut_Visor.mat using Guid(908e4772337c16f408109e0592f16ecc) Importer(815301076,1909f56bfc062723c751e8b465ee728b)  -> (artifact id: '98bf0aa0c3d14cc60e9189d9eb723897') in 1.337612 seconds 
  Import took 1.341104 seconds .

========================================================================
Received Import Request.
  Time since last request: 0.000364 seconds.
  path: Assets/Art/Materials/MAT_Skybox.mat
  artifactKey: Guid(b372254eb8a7d6648b492ff62930e3ca) Importer(815301076,1909f56bfc062723c751e8b465ee728b)
Start importing Assets/Art/Materials/MAT_Skybox.mat using Guid(b372254eb8a7d6648b492ff62930e3ca) Importer(815301076,1909f56bfc062723c751e8b465ee728b)  -> (artifact id: 'e8033c2cf61acd5c14dcb988af611574') in 0.086611 seconds 
  Import took 0.090121 seconds .

========================================================================
Received Import Request.
  Time since last request: 0.000281 seconds.
  path: Assets/Art/3D/Astronaut/Material/MAT_Astronaut.mat
  artifactKey: Guid(654bef3b2bab6c74abadff7014af75f6) Importer(815301076,1909f56bfc062723c751e8b465ee728b)
Start importing Assets/Art/3D/Astronaut/Material/MAT_Astronaut.mat using Guid(654bef3b2bab6c74abadff7014af75f6) Importer(815301076,1909f56bfc062723c751e8b465ee728b)  -> (artifact id: '0a2c1fa01c7cf409f4bdd726e23d4b31') in 1.004506 seconds 
  Import took 1.010287 seconds .

========================================================================
Received Import Request.
  Time since last request: 0.000289 seconds.
  path: Assets/Art/Materials/Levels/MAT_Level_01_Floor.mat
  artifactKey: Guid(64a56849b59c2dd44b0f40ab5be94623) Importer(815301076,1909f56bfc062723c751e8b465ee728b)
Start importing Assets/Art/Materials/Levels/MAT_Level_01_Floor.mat using Guid(64a56849b59c2dd44b0f40ab5be94623) Importer(815301076,1909f56bfc062723c751e8b465ee728b)  -> (artifact id: '7cacf537d20772fbae14aea6145d7fe0') in 0.064743 seconds 
  Import took 0.069283 seconds .

========================================================================
Received Import Request.
  Time since last request: 0.000384 seconds.
  path: Assets/TextMesh Pro/Resources/Fonts & Materials/LiberationSans SDF - Fallback.asset
  artifactKey: Guid(2e498d1c8094910479dc3e1b768306a4) Importer(815301076,1909f56bfc062723c751e8b465ee728b)
Start importing Assets/TextMesh Pro/Resources/Fonts & Materials/LiberationSans SDF - Fallback.asset using Guid(2e498d1c8094910479dc3e1b768306a4) Importer(815301076,1909f56bfc062723c751e8b465ee728b)  -> (artifact id: 'b8c2210586957436df79bf961aeff06e') in 0.275004 seconds 
  Import took 0.279683 seconds .

========================================================================
Received Import Request.
  Time since last request: 0.000322 seconds.
  path: Assets/TextMesh Pro/Resources/Fonts & Materials/LiberationSans SDF - Drop Shadow.mat
  artifactKey: Guid(e73a58f6e2794ae7b1b7e50b7fb811b0) Importer(815301076,1909f56bfc062723c751e8b465ee728b)
Start importing Assets/TextMesh Pro/Resources/Fonts & Materials/LiberationSans SDF - Drop Shadow.mat using Guid(e73a58f6e2794ae7b1b7e50b7fb811b0) Importer(815301076,1909f56bfc062723c751e8b465ee728b)  -> (artifact id: 'ca0d2861f60500f05bd29199894f7bb5') in 0.196763 seconds 
  Import took 0.201502 seconds .

========================================================================
Received Import Request.
  Time since last request: 0.000311 seconds.
  path: Assets/Art/Materials/MAT_PowerUp2.mat
  artifactKey: Guid(699fc4606ae912e41acd06cce0321858) Importer(815301076,1909f56bfc062723c751e8b465ee728b)
Start importing Assets/Art/Materials/MAT_PowerUp2.mat using Guid(699fc4606ae912e41acd06cce0321858) Importer(815301076,1909f56bfc062723c751e8b465ee728b)  -> (artifact id: '895705a21e92a4f6d3eeab22d2a6e385') in 0.122995 seconds 
  Import took 0.126130 seconds .

========================================================================
Received Import Request.
  Time since last request: 0.000317 seconds.
  path: Assets/TextMesh Pro/Resources/Fonts & Materials/LiberationSans SDF.asset
  artifactKey: Guid(8f586378b4e144a9851e7b34d9b748ee) Importer(815301076,1909f56bfc062723c751e8b465ee728b)
Start importing Assets/TextMesh Pro/Resources/Fonts & Materials/LiberationSans SDF.asset using Guid(8f586378b4e144a9851e7b34d9b748ee) Importer(815301076,1909f56bfc062723c751e8b465ee728b)  -> (artifact id: 'f1280cc7be10b532b2897fc8654f95d3') in 0.065475 seconds 
  Import took 0.068579 seconds .

========================================================================
Received Import Request.
  Time since last request: 0.001049 seconds.
  path: Assets/Art/Materials/MAT_Enemy.mat
  artifactKey: Guid(c1a22b65b2d0c6b478481096ce7388a4) Importer(815301076,1909f56bfc062723c751e8b465ee728b)
Start importing Assets/Art/Materials/MAT_Enemy.mat using Guid(c1a22b65b2d0c6b478481096ce7388a4) Importer(815301076,1909f56bfc062723c751e8b465ee728b)  -> (artifact id: 'c0233dcd6a0cdcbff4d9c528cde9bcc1') in 0.055052 seconds 
  Import took 0.058446 seconds .

========================================================================
Received Prepare
Registering precompiled user dll's ...
Registered in 0.027703 seconds.
Begin MonoManager ReloadAssembly
Native extension for WindowsStandalone target not found
Refreshing native plugins compatible for Editor in 0.53 ms, found 2 plugins.
Preloading 0 native plugins for Editor in 0.00 ms.
Mono: successfully reloaded assembly
- Completed reload, in  1.817 seconds
Domain Reload Profiling:
	ReloadAssembly (1817ms)
		BeginReloadAssembly (177ms)
			ExecutionOrderSort (0ms)
			DisableScriptedObjects (6ms)
			BackupInstance (0ms)
			ReleaseScriptingObjects (0ms)
			CreateAndSetChildDomain (46ms)
		EndReloadAssembly (1501ms)
			LoadAssemblies (158ms)
			RebuildTransferFunctionScriptingTraits (0ms)
			SetupTypeCache (457ms)
			ReleaseScriptCaches (1ms)
			RebuildScriptCaches (67ms)
			SetupLoadedEditorAssemblies (558ms)
				LogAssemblyErrors (0ms)
				InitializePlatformSupportModulesInManaged (9ms)
				SetLoadedEditorAssemblies (1ms)
				RefreshPlugins (1ms)
				BeforeProcessingInitializeOnLoad (118ms)
				ProcessInitializeOnLoadAttributes (408ms)
				ProcessInitializeOnLoadMethodAttributes (9ms)
				AfterProcessingInitializeOnLoad (12ms)
				EditorAssembliesLoaded (1ms)
			ExecutionOrderSort2 (0ms)
			AwakeInstancesAfterBackupRestoration (13ms)
Platform modules already initialized, skipping
Switching build target platform(19) subTarget(0) extendedPlatform(0) -> platform(13) subTarget(537395200) extendedPlatform(0)
Refreshing native plugins compatible for Editor in 0.37 ms, found 2 plugins.
Preloading 0 native plugins for Editor in 0.00 ms.
Unloading 1577 Unused Serialized files (Serialized files now loaded: 0)
System memory in use before: 76.5 MB.
System memory in use after: 76.6 MB.

Unloading 18 unused Assets to reduce memory usage. Loaded Objects now: 2092.
Total: 3.047200 ms (FindLiveObjects: 0.166100 ms CreateObjectMapping: 0.059000 ms MarkObjects: 2.745200 ms  DeleteObjects: 0.075100 ms)

AssetImportParameters requested are different than current active one (requested -> active):
  custom:framework-win-MediaFoundation: 216162199b28c13a410421893ffa2e32 -> 
  custom:video-decoder-ogg-theora: a1e56fd34408186e4bbccfd4996cb3dc -> 
  custom:container-muxer-webm: aa71ff27fc2769a1b78a27578f13a17b -> 
  custom:container-demuxer-webm: 4f35f7cbe854078d1ac9338744f61a02 -> 
  custom:container-demuxer-ogg: 62fdf1f143b41e24485cea50d1cbac27 -> 
  custom:video-encoder-webm-vp8: eb34c28f22e8b96e1ab97ce403110664 -> 
  custom:video-codec-MediaFoundation-h265: 746d11721c4dcdbdad8f713fa42b33f4 -> 
  custom:video-decoder-webm-vp8: 9c59270c3fd7afecdb556c50c9e8de78 -> 
  custom:graphics/normal-map-encoding: 01000000000000000000000000000000 -> 02000000000000000000000000000000
  custom:audio-decoder-ogg-vorbis: bf7c407c2cedff20999df2af8eb42d56 -> 
  custom:audio-encoder-webm-vorbis: bf7c407c2cedff20999df2af8eb42d56 -> 
========================================================================
Received Prepare
Registering precompiled user dll's ...
Registered in 0.004464 seconds.
Begin MonoManager ReloadAssembly
Native extension for WindowsStandalone target not found
Refreshing native plugins compatible for Editor in 0.35 ms, found 2 plugins.
Preloading 0 native plugins for Editor in 0.00 ms.
Mono: successfully reloaded assembly
- Completed reload, in  1.513 seconds
Domain Reload Profiling:
	ReloadAssembly (1514ms)
		BeginReloadAssembly (180ms)
			ExecutionOrderSort (0ms)
			DisableScriptedObjects (7ms)
			BackupInstance (0ms)
			ReleaseScriptingObjects (0ms)
			CreateAndSetChildDomain (57ms)
		EndReloadAssembly (1244ms)
			LoadAssemblies (135ms)
			RebuildTransferFunctionScriptingTraits (0ms)
			SetupTypeCache (375ms)
			ReleaseScriptCaches (1ms)
			RebuildScriptCaches (93ms)
			SetupLoadedEditorAssemblies (472ms)
				LogAssemblyErrors (0ms)
				InitializePlatformSupportModulesInManaged (6ms)
				SetLoadedEditorAssemblies (1ms)
				RefreshPlugins (0ms)
				BeforeProcessingInitializeOnLoad (99ms)
				ProcessInitializeOnLoadAttributes (350ms)
				ProcessInitializeOnLoadMethodAttributes (5ms)
				AfterProcessingInitializeOnLoad (11ms)
				EditorAssembliesLoaded (0ms)
			ExecutionOrderSort2 (0ms)
			AwakeInstancesAfterBackupRestoration (8ms)
Platform modules already initialized, skipping
Switching build target platform(19) subTarget(0) extendedPlatform(0) -> platform(13) subTarget(537395200) extendedPlatform(0)
Refreshing native plugins compatible for Editor in 0.39 ms, found 2 plugins.
Preloading 0 native plugins for Editor in 0.00 ms.
Unloading 1577 Unused Serialized files (Serialized files now loaded: 0)
System memory in use before: 76.5 MB.
System memory in use after: 76.6 MB.

Unloading 18 unused Assets to reduce memory usage. Loaded Objects now: 2095.
Total: 3.048200 ms (FindLiveObjects: 0.163400 ms CreateObjectMapping: 0.058300 ms MarkObjects: 2.752400 ms  DeleteObjects: 0.072200 ms)

AssetImportParameters requested are different than current active one (requested -> active):
  custom:framework-win-MediaFoundation: 216162199b28c13a410421893ffa2e32 -> 
  custom:video-decoder-ogg-theora: a1e56fd34408186e4bbccfd4996cb3dc -> 
  custom:container-muxer-webm: aa71ff27fc2769a1b78a27578f13a17b -> 
  custom:container-demuxer-webm: 4f35f7cbe854078d1ac9338744f61a02 -> 
  custom:container-demuxer-ogg: 62fdf1f143b41e24485cea50d1cbac27 -> 
  custom:video-encoder-webm-vp8: eb34c28f22e8b96e1ab97ce403110664 -> 
  custom:video-codec-MediaFoundation-h265: 746d11721c4dcdbdad8f713fa42b33f4 -> 
  custom:video-decoder-webm-vp8: 9c59270c3fd7afecdb556c50c9e8de78 -> 
  custom:graphics/normal-map-encoding: 01000000000000000000000000000000 -> 02000000000000000000000000000000
  custom:audio-decoder-ogg-vorbis: bf7c407c2cedff20999df2af8eb42d56 -> 
  custom:audio-encoder-webm-vorbis: bf7c407c2cedff20999df2af8eb42d56 -> 
========================================================================
Received Import Request.
  Time since last request: 210.493131 seconds.
  path: Assets/_ScriptableObjects/Level_01.asset
  artifactKey: Guid(7be48eed53d9c964aa510084b722070d) Importer(815301076,1909f56bfc062723c751e8b465ee728b)
Start importing Assets/_ScriptableObjects/Level_01.asset using Guid(7be48eed53d9c964aa510084b722070d) Importer(815301076,1909f56bfc062723c751e8b465ee728b)  -> (artifact id: 'c24ef7b3466e9ccf08c70359a32d01a1') in 0.044725 seconds 
  Import took 0.050018 seconds .

AssetImportWorkerClient::OnTransportError - code=2 error=End of file
